[GIN-debug] [WARNING] Creating an Engine instance with the Logger and Recovery middleware already attached.

[GIN-debug] [WARNING] Running in "debug" mode. Switch to "release" mode in production.
 - using env:	export GIN_MODE=release
 - using code:	gin.SetMode(gin.ReleaseMode)

[GIN-debug] GET    /getUser                  --> main.UserRouter.func1 (3 handlers)
[GIN-debug] POST   /postUser                 --> main.UserRouter.func2 (3 handlers)
[GIN-debug] [WARNING] You trusted all proxies, this is NOT safe. We recommend you to set a value.
Please check https://pkg.go.dev/github.com/gin-gonic/gin#readme-don-t-trust-all-proxies for details.
[GIN-debug] Listening and serving HTTP on :8080
&{{0xc0003da1c0 -1 200} 0xc00043a000 0xc00043a100 [] [0x1460c20 0x1461a60 0x15243a0] 2 /postUser 0xc000582340 0xc00009e1c8 0xc00009e1e0 {{0 0} 0 0 0 0} map[]  [] map[] map[] 0}
[GIN] 2022/12/17 - 13:39:43 | 200 |    1.539167ms |             ::1 | POST     "/postUser"
&{{0xc0003da380 -1 200} 0xc00043a400 0xc00043a100 [] [0x1460c20 0x1461a60 0x15243a0] 2 /postUser 0xc000582340 0xc00009e1c8 0xc00009e1e0 {{0 0} 0 0 0 0} map[]  [] map[] map[] 0}
[GIN] 2022/12/17 - 13:39:45 | 200 |     101.083µs |             ::1 | POST     "/postUser"
&{{0xc0003da460 -1 200} 0xc00043a600 0xc00043a100 [] [0x1460c20 0x1461a60 0x15243a0] 2 /postUser 0xc000582340 0xc00009e1c8 0xc00009e1e0 {{0 0} 0 0 0 0} map[]  [] map[] map[] 0}
[GIN] 2022/12/17 - 13:39:45 | 200 |     103.042µs |             ::1 | POST     "/postUser"
&{{0xc0003da540 -1 200} 0xc00043a800 0xc00043a100 [] [0x1460c20 0x1461a60 0x15243a0] 2 /postUser 0xc000582340 0xc00009e1c8 0xc00009e1e0 {{0 0} 0 0 0 0} map[]  [] map[] map[] 0}
[GIN] 2022/12/17 - 13:39:47 | 200 |          99µs |             ::1 | POST     "/postUser"
&{{0xc0003da620 -1 200} 0xc00043aa00 0xc00043a100 [] [0x1460c20 0x1461a60 0x15243a0] 2 /postUser 0xc000582340 0xc00009e1c8 0xc00009e1e0 {{0 0} 0 0 0 0} map[]  [] map[] map[] 0}
[GIN] 2022/12/17 - 13:39:48 | 200 |     109.834µs |             ::1 | POST     "/postUser"
[GIN] 2022/12/17 - 14:33:28 | 200 |   68.535167ms |             ::1 | GET      "/getUser"
[GIN] 2022/12/17 - 14:33:42 | 404 |       1.083µs |             ::1 | GET      "/api/getUser"
[GIN] 2022/12/17 - 14:35:16 | 404 |         833ns |             ::1 | GET      "/api/getUser"
[GIN] 2022/12/17 - 14:35:20 | 200 |    6.906542ms |             ::1 | GET      "/getUser"
[GIN] 2022/12/17 - 14:41:33 | 200 |     12.3075ms |             ::1 | GET      "/getUser"
[GIN] 2022/12/17 - 14:42:25 | 200 |    57.46525ms |             ::1 | GET      "/getUser"
[GIN] 2022/12/17 - 14:42:28 | 200 |    2.058166ms |             ::1 | GET      "/getUser"
[GIN] 2022/12/17 - 14:42:28 | 200 |    2.163125ms |             ::1 | GET      "/getUser"
[GIN] 2022/12/17 - 14:42:46 | 200 |    3.241167ms |             ::1 | GET      "/getUser"
